<?xml version="1.0" encoding="UTF-8"?>
<!-- Generated by org.testng.reporters.JUnitReportReporter -->
<testsuite skipped="0" hostname="DESKTOP-9715G1F" name="maventestspractice.Mavendemo1" tests="3" failures="0" timestamp="2020-06-17T19:37:18 IST" time="0.026" errors="0">
  <testcase name="add" time="0.022" classname="maventestspractice.Mavendemo1"/>
  <system-out/>
  <testcase name="sub" time="0.002" classname="maventestspractice.Mavendemo1"/>
  <system-out/>
  <testcase name="mul" time="0.002" classname="maventestspractice.Mavendemo1"/>
  <system-out/>
</testsuite> <!-- maventestspractice.Mavendemo1 -->
