<?xml version="1.0" encoding="UTF-8"?>
<!-- Generated by org.testng.reporters.JUnitReportReporter -->
<testsuite skipped="0" hostname="DESKTOP-9715G1F" name="maventestspractice.Mvmdemo3Test" tests="3" failures="0" timestamp="2020-08-07T13:11:52 IST" time="0.005" errors="0">
  <testcase name="addTest" time="0.002" classname="maventestspractice.Mvmdemo3Test"/>
  <system-out/>
  <testcase name="subTest" time="0.001" classname="maventestspractice.Mvmdemo3Test"/>
  <system-out/>
  <testcase name="mulTest" time="0.002" classname="maventestspractice.Mvmdemo3Test"/>
  <system-out/>
</testsuite> <!-- maventestspractice.Mvmdemo3Test -->
