<?xml version="1.0" encoding="UTF-8"?>
<!-- Generated by org.testng.reporters.JUnitReportReporter -->
<testsuite skipped="0" hostname="DESKTOP-9715G1F" name="maventestspractice.MvmdemoTest" tests="3" failures="0" timestamp="2020-08-07T13:11:52 IST" time="0.032" errors="0">
  <testcase name="addTest" time="0.028" classname="maventestspractice.MvmdemoTest"/>
  <system-out/>
  <testcase name="subTest" time="0.002" classname="maventestspractice.MvmdemoTest"/>
  <system-out/>
  <testcase name="mulTest" time="0.002" classname="maventestspractice.MvmdemoTest"/>
  <system-out/>
</testsuite> <!-- maventestspractice.MvmdemoTest -->
